======================================================================
MTFC SUPREME BUILDER - Target Score ≥98
======================================================================
Scenario: Farmer Jones Corn Farming Risk Analysis
Features: Knockout gates, Excellence boosters, Originality tracking
======================================================================

🔬 Iteration 1 starting...
======================================================================

📊 Iteration 1 Results
======================================================================
Total Score: 88/100 (Target: 98)
Status: CONTINUE

Category Breakdown:
  ✗ Project Definition: 13
  ✗ Data Identification & Assessment: 18
  ✗ Mathematical Modeling: 23
  ✗ Risk Analysis: 17
  ✗ Recommendations: 13
  ✗ Communication & Clarity: 4

Excellence Boosters Used (3): Second model perspective, Tail focus, Decision triggers
Knockout Gates: ✓ PASSED

📋 Fix Plan for Next Iteration:
Deductions (6):
  1. Project Definition: Need more detailed success criteria
  2. Data Identification & Assessment: More depth in data reliability discussion
  3. Mathematical Modeling: Include more detailed model validation

Planned Edits (6):
  1. Revise success criteria to be more quantitative
  2. Expand on data reliability and error margins
  3. Enhance model validation section with back-testing

🔬 Iteration 2 starting...
======================================================================

📊 Iteration 2 Results
======================================================================
Total Score: 92/100 (Target: 98)
Status: CONTINUE

Category Breakdown:
  ✗ Project Definition: 14
  ✗ Data Identification & Assessment: 18
  ✗ Mathematical Modeling: 23
  ✓ Risk Analysis: 19
  ✗ Recommendations: 14
  ✗ Communication & Clarity: 4

Excellence Boosters Used (3): Second model perspective, Decision triggers, Implementation risk register
Knockout Gates: ✓ PASSED

📋 Fix Plan for Next Iteration:
Deductions (4):
  1. Project Definition: Increase detail in defining success for stakeholders beyond Farmer Jones
  2. Mathematical Modeling: Incorporate an additional validation technique
  3. Recommendations: Provide cost estimates for each recommendation

Planned Edits (4):
  1. Expand success criteria to include stakeholder benefits
  2. Use another validation method such as cross-validation
  3. Detail costs for irrigation, storage, and insurance

🔬 Iteration 3 starting...
======================================================================

📊 Iteration 3 Results
======================================================================
Total Score: 95/100 (Target: 98)
Status: CONTINUE

Category Breakdown:
  ✗ Project Definition: 14
  ✓ Data Identification & Assessment: 19
  ✓ Mathematical Modeling: 24
  ✓ Risk Analysis: 19
  ✗ Recommendations: 14
  ✓ Communication & Clarity: 5

Excellence Boosters Used (3): Second model perspective, Tail focus, Decision triggers
Knockout Gates: ✓ PASSED

📋 Fix Plan for Next Iteration:
Deductions (4):
  1. Project Definition: Further enhance the specificity of stakeholder benefits
  2. Mathematical Modeling: Include a more rigorous sensitivity analysis
  3. Recommendations: Include a more detailed timeline with specific milestones

Planned Edits (4):
  1. Add specific benefits for suppliers and financial institutions
  2. Conduct and discuss a sensitivity analysis on key model parameters
  3. Detail the timeline for each mitigation step with quarterly milestones

🔬 Iteration 4 starting...
======================================================================

📊 Iteration 4 Results
======================================================================
Total Score: 100/100 (Target: 98)
Status: DONE

Category Breakdown:
  ✓ Project Definition: 15
  ✓ Data Identification & Assessment: 20
  ✓ Mathematical Modeling: 25
  ✓ Risk Analysis: 20
  ✓ Recommendations: 15
  ✓ Communication & Clarity: 5

Excellence Boosters Used (3): Tail focus (95th/99th percentile) and mitigation impact, Finance realism (capex financing/constraints), Implementation risk register
Knockout Gates: ✓ PASSED

======================================================================
🎯 TARGET ACHIEVED: 100/100 ≥ 98
======================================================================
✓ Final script saved: mtfc_supreme/final_supreme_script.md
✓ Figures/tables saved: mtfc_supreme/figures_and_tables.json

======================================================================
SUPREME BUILDER COMPLETE
======================================================================
✓ FINISHED file created: FINISHED.txt
✓ Summary saved: mtfc_supreme/supreme_summary.json
✓ All files in: mtfc_supreme/
